<?xml version="1.0" encoding="UTF-8"?>
<!-- Generated by org.testng.reporters.JUnitReportReporter -->
<testsuite hostname="DESKTOP-RTGTF08" failures="0" tests="1" name="com.qa.orange.parallel.BrowserFactory" time="39.293" errors="0" timestamp="2021-11-07T18:02:53 IST" skipped="0">
  <testcase classname="com.qa.orange.parallel.BrowserFactory" name="init_Browser" time="39.293"/>
  <system-out/>
</testsuite> <!-- com.qa.orange.parallel.BrowserFactory -->
