<?xml version="1.0" encoding="UTF-8"?>
<!-- Generated by org.testng.reporters.JUnitReportReporter -->
<testsuite hostname="DESKTOP-RTGTF08" failures="0" tests="5" name="com.qa.orange.tests.InvocationCountExample" time="0.025" errors="0" timestamp="2021-11-07T15:47:32 IST" skipped="0">
  <testcase classname="com.qa.orange.tests.InvocationCountExample" name="m1" time="0.015"/>
  <system-out/>
  <testcase classname="com.qa.orange.tests.InvocationCountExample" name="m1" time="0.002"/>
  <system-out/>
  <testcase classname="com.qa.orange.tests.InvocationCountExample" name="m1" time="0.003"/>
  <system-out/>
  <testcase classname="com.qa.orange.tests.InvocationCountExample" name="m1" time="0.002"/>
  <system-out/>
  <testcase classname="com.qa.orange.tests.InvocationCountExample" name="m1" time="0.003"/>
  <system-out/>
</testsuite> <!-- com.qa.orange.tests.InvocationCountExample -->
