<?xml version="1.0" encoding="UTF-8"?>
<!-- Generated by org.testng.reporters.JUnitReportReporter -->
<testsuite hostname="DESKTOP-RTGTF08" failures="0" tests="3" name="com.qa.orange.tests.LoginOrange" time="18.467" errors="0" timestamp="2021-11-07T14:13:01 IST" skipped="0">
  <testcase classname="com.qa.orange.tests.LoginOrange" name="launchUrl" time="4.858"/>
  <system-out/>
  <testcase classname="com.qa.orange.tests.LoginOrange" name="launchUrl" time="9.531"/>
  <system-out/>
  <testcase classname="com.qa.orange.tests.LoginOrange" name="launchUrl" time="4.078"/>
  <system-out/>
</testsuite> <!-- com.qa.orange.tests.LoginOrange -->
