<?xml version="1.0" encoding="UTF-8"?>
<!-- Generated by org.testng.reporters.JUnitReportReporter -->
<testsuite hostname="DESKTOP-RTGTF08" failures="0" tests="2" name="com.qa.orange.tests.DependsOnMethodsDemo" time="0.017" errors="0" timestamp="2021-11-07T16:07:07 IST" skipped="0">
  <testcase classname="com.qa.orange.tests.DependsOnMethodsDemo" name="m1" time="0.015"/>
  <system-out/>
  <testcase classname="com.qa.orange.tests.DependsOnMethodsDemo" name="a1" time="0.002"/>
  <system-out/>
</testsuite> <!-- com.qa.orange.tests.DependsOnMethodsDemo -->
