<?xml version="1.0" encoding="UTF-8"?>
<!-- Generated by org.testng.reporters.JUnitReportReporter -->
<testsuite hostname="DESKTOP-RTGTF08" failures="0" tests="1" name="com.qa.orange.tests.copy.XmlFile" time="0.002" errors="0" timestamp="2021-11-07T13:20:27 IST" skipped="0">
  <testcase classname="com.qa.orange.tests.copy.XmlFile" name="testMethod" time="0.002"/>
  <system-out/>
</testsuite> <!-- com.qa.orange.tests.copy.XmlFile -->
