<?xml version="1.0" encoding="UTF-8"?>
<!-- Generated by org.testng.reporters.JUnitReportReporter -->
<testsuite hostname="DESKTOP-RTGTF08" failures="0" tests="3" name="com.qa.orange.tests.IgnoreMissingDependacy" time="0.022" errors="0" timestamp="2021-11-07T16:47:50 IST" skipped="1">
  <testcase classname="com.qa.orange.tests.IgnoreMissingDependacy" name="m3" time="0.003"/>
  <system-out/>
  <testcase classname="com.qa.orange.tests.IgnoreMissingDependacy" name="m2" time="0.019"/>
  <system-out/>
  <testcase classname="com.qa.orange.tests.IgnoreMissingDependacy" name="m1">
    <skipped/>
  </testcase> <!-- m1 -->
  <system-out/>
</testsuite> <!-- com.qa.orange.tests.IgnoreMissingDependacy -->
