<?xml version="1.0" encoding="UTF-8"?>
<!-- Generated by org.testng.reporters.JUnitReportReporter -->
<testsuite hostname="DESKTOP-RTGTF08" failures="0" tests="9" name="com.qa.orange.tests.DifferentAttributes" time="0.039" errors="0" timestamp="2021-11-07T15:42:47 IST" skipped="0">
  <testcase classname="com.qa.orange.tests.DifferentAttributes" name="start2" time="0.003"/>
  <system-out/>
  <testcase classname="com.qa.orange.tests.DifferentAttributes" name="start1" time="0.013"/>
  <system-out/>
  <testcase classname="com.qa.orange.tests.DifferentAttributes" name="end" time="0.003"/>
  <system-out/>
  <testcase classname="com.qa.orange.tests.DifferentAttributes" name="launchBrowser" time="0.004"/>
  <system-out/>
  <testcase classname="com.qa.orange.tests.DifferentAttributes" name="launchUrl" time="0.005"/>
  <system-out/>
  <testcase classname="com.qa.orange.tests.DifferentAttributes" name="sendCredentials" time="0.001"/>
  <system-out/>
  <testcase classname="com.qa.orange.tests.DifferentAttributes" name="clickButtton" time="0.003"/>
  <system-out/>
  <testcase classname="com.qa.orange.tests.DifferentAttributes" name="verifyTitle" time="0.003"/>
  <system-out/>
  <testcase classname="com.qa.orange.tests.DifferentAttributes" name="searchList" time="0.004"/>
  <system-out/>
</testsuite> <!-- com.qa.orange.tests.DifferentAttributes -->
