<?xml version="1.0" encoding="UTF-8"?>
<!-- Generated by org.testng.reporters.JUnitReportReporter -->
<testsuite hostname="DESKTOP-RTGTF08" failures="0" tests="1" name="com.qa.orange.tests.ExpectedExceptionsDemo" time="0.028" errors="0" timestamp="2021-11-07T16:27:56 IST" skipped="0">
  <testcase classname="com.qa.orange.tests.ExpectedExceptionsDemo" name="m1" time="0.028"/>
  <system-out/>
</testsuite> <!-- com.qa.orange.tests.ExpectedExceptionsDemo -->
