<?xml version="1.0" encoding="UTF-8"?>
<!-- Generated by org.testng.reporters.JUnitReportReporter -->
<testsuite hostname="DESKTOP-RTGTF08" failures="0" tests="3" name="com.qa.orange.parallel.TestClass2" time="0.084" errors="0" timestamp="2021-11-07T17:46:51 IST" skipped="0">
  <testcase classname="com.qa.orange.parallel.TestClass2" name="testMethod1" time="0.020"/>
  <system-out/>
  <testcase classname="com.qa.orange.parallel.TestClass2" name="testMethod3" time="0.033"/>
  <system-out/>
  <testcase classname="com.qa.orange.parallel.TestClass2" name="testMethod2" time="0.031"/>
  <system-out/>
</testsuite> <!-- com.qa.orange.parallel.TestClass2 -->
