<?xml version="1.0" encoding="UTF-8"?>
<!-- Generated by org.testng.reporters.JUnitReportReporter -->
<testsuite hostname="DESKTOP-RTGTF08" failures="0" tests="4" name="com.qa.orange.tests.EnabledDemo" time="0.017" errors="0" timestamp="2021-11-07T15:54:26 IST" skipped="2">
  <testcase classname="com.qa.orange.tests.EnabledDemo" name="m1" time="0.014"/>
  <system-out/>
  <testcase classname="com.qa.orange.tests.EnabledDemo" name="m3" time="0.003"/>
  <system-out/>
  <testcase classname="com.qa.orange.tests.EnabledDemo" name="m2">
    <skipped/>
  </testcase> <!-- m2 -->
  <system-out/>
  <testcase classname="com.qa.orange.tests.EnabledDemo" name="m4">
    <skipped/>
  </testcase> <!-- m4 -->
  <system-out/>
</testsuite> <!-- com.qa.orange.tests.EnabledDemo -->
