<?xml version="1.0" encoding="UTF-8"?>
<!-- Generated by org.testng.reporters.JUnitReportReporter -->
<testsuite hostname="DESKTOP-RTGTF08" failures="0" tests="1" name="com.qa.orange.tests.DescripionsDemo" time="0.014" errors="0" timestamp="2021-11-07T16:31:46 IST" skipped="0">
  <testcase classname="com.qa.orange.tests.DescripionsDemo" name="m1" time="0.014"/>
  <system-out/>
</testsuite> <!-- com.qa.orange.tests.DescripionsDemo -->
