<?xml version="1.0" encoding="UTF-8"?>
<!-- Generated by org.testng.reporters.JUnitReportReporter -->
<testsuite hostname="DESKTOP-RTGTF08" failures="0" tests="3" name="com.qa.orange.tests.copy.Annotation" time="0.014" errors="0" timestamp="2021-11-07T13:16:43 IST" skipped="0">
  <testcase classname="com.qa.orange.tests.copy.Annotation" name="test1" time="0.004"/>
  <system-out/>
  <testcase classname="com.qa.orange.tests.copy.Annotation" name="test3" time="0.004"/>
  <system-out/>
  <testcase classname="com.qa.orange.tests.copy.Annotation" name="test2" time="0.006"/>
  <system-out/>
</testsuite> <!-- com.qa.orange.tests.copy.Annotation -->
