<?xml version="1.0" encoding="UTF-8"?>
<!-- Generated by org.testng.reporters.JUnitReportReporter -->
<testsuite hostname="DESKTOP-RTGTF08" failures="0" tests="3" name="com.qa.orange.parallel.TestClass3" time="0.053" errors="0" timestamp="2021-11-07T17:46:51 IST" skipped="0">
  <testcase classname="com.qa.orange.parallel.TestClass3" name="testMethod3" time="0.018"/>
  <system-out/>
  <testcase classname="com.qa.orange.parallel.TestClass3" name="testMethod2" time="0.018"/>
  <system-out/>
  <testcase classname="com.qa.orange.parallel.TestClass3" name="testMethod1" time="0.017"/>
  <system-out/>
</testsuite> <!-- com.qa.orange.parallel.TestClass3 -->
